<?xml version="1.0" encoding="UTF-8"?>
<!-- Generated by org.testng.reporters.JUnitReportReporter -->
<testsuite hostname="LJ" failures="0" tests="3" name="runners.RunTest" time="3.423" errors="0" timestamp="2022-09-08T15:17:30 BRT" skipped="0">
  <testcase classname="runners.RunTest" name="runScenario" time="0.757"/>
  <system-out/>
  <testcase classname="runners.RunTest" name="runScenario" time="0.740"/>
  <system-out/>
  <testcase classname="runners.RunTest" name="runScenario" time="1.926"/>
  <system-out/>
</testsuite> <!-- runners.RunTest -->
